2025-08-28 23:27:54.225 [main] INFO  c.reward_project.play_record.PlayRecordApplication - Starting PlayRecordApplication using Java 24.0.1 with PID 31368 (D:\grad1\project\play_record\target\classes started by 12943 in D:\grad1\project\play_record)
2025-08-28 23:27:54.227 [main] INFO  c.reward_project.play_record.PlayRecordApplication - No active profile set, falling back to 1 default profile: "default"
2025-08-28 23:27:54.783 [main] INFO  o.s.d.r.config.RepositoryConfigurationDelegate - Multiple Spring Data modules found, entering strict repository configuration mode
2025-08-28 23:27:54.785 [main] INFO  o.s.d.r.config.RepositoryConfigurationDelegate - Bootstrapping Spring Data Redis repositories in DEFAULT mode.
2025-08-28 23:27:54.807 [main] INFO  o.s.d.r.config.RepositoryConfigurationDelegate - Finished Spring Data repository scanning in 10 ms. Found 0 Redis repository interfaces.
2025-08-28 23:27:55.256 [main] INFO  o.s.boot.web.embedded.tomcat.TomcatWebServer - Tomcat initialized with port 8081 (http)
2025-08-28 23:27:55.268 [main] INFO  org.apache.coyote.http11.Http11NioProtocol - Initializing ProtocolHandler ["http-nio-8081"]
2025-08-28 23:27:55.269 [main] INFO  org.apache.catalina.core.StandardService - Starting service [Tomcat]
2025-08-28 23:27:55.269 [main] INFO  org.apache.catalina.core.StandardEngine - Starting Servlet engine: [Apache Tomcat/10.1.44]
2025-08-28 23:27:55.324 [main] INFO  o.a.c.core.ContainerBase.[Tomcat].[localhost].[/] - Initializing Spring embedded WebApplicationContext
2025-08-28 23:27:55.324 [main] INFO  o.s.b.w.s.c.ServletWebServerApplicationContext - Root WebApplicationContext: initialization completed in 1059 ms
2025-08-28 23:27:55.747 [main] WARN  o.s.b.w.s.c.AnnotationConfigServletWebServerApplicationContext - Exception encountered during context initialization - cancelling refresh attempt: org.springframework.beans.factory.UnsatisfiedDependencyException: Error creating bean with name 'syncController': Unsatisfied dependency expressed through field 'syncService': Error creating bean with name 'syncServiceImpl': Unsatisfied dependency expressed through field 'rewardRetryProducer': Error creating bean with name 'rewardRetryProducer': Unsatisfied dependency expressed through field 'syncService': Error creating bean with name 'syncServiceImpl': Requested bean is currently in creation: Is there an unresolvable circular reference or an asynchronous initialization dependency?
2025-08-28 23:27:55.753 [main] INFO  org.apache.catalina.core.StandardService - Stopping service [Tomcat]
2025-08-28 23:27:55.761 [main] INFO  o.s.b.a.logging.ConditionEvaluationReportLogger - 

Error starting ApplicationContext. To display the condition evaluation report re-run your application with 'debug' enabled.
2025-08-28 23:27:55.776 [main] ERROR o.s.b.diagnostics.LoggingFailureAnalysisReporter - 

***************************
APPLICATION FAILED TO START
***************************

Description:

The dependencies of some of the beans in the application context form a cycle:

   syncController (field private com.reward_project.play_record.service.SyncService com.reward_project.play_record.controller.SyncController.syncService)
┌─────┐
|  syncServiceImpl (field private com.reward_project.play_record.service.producer.RewardRetryProducer com.reward_project.play_record.service.impl.SyncServiceImpl.rewardRetryProducer)
↑     ↓
|  rewardRetryProducer (field private com.reward_project.play_record.service.SyncService com.reward_project.play_record.service.producer.RewardRetryProducer.syncService)
└─────┘


Action:

Relying upon circular references is discouraged and they are prohibited by default. Update your application to remove the dependency cycle between beans. As a last resort, it may be possible to break the cycle automatically by setting spring.main.allow-circular-references to true.

2025-08-28 23:28:46.242 [main] INFO  c.reward_project.play_record.PlayRecordApplication - Starting PlayRecordApplication using Java 24.0.1 with PID 11092 (D:\grad1\project\play_record\target\classes started by 12943 in D:\grad1\project\play_record)
2025-08-28 23:28:46.243 [main] INFO  c.reward_project.play_record.PlayRecordApplication - No active profile set, falling back to 1 default profile: "default"
2025-08-28 23:28:46.787 [main] INFO  o.s.d.r.config.RepositoryConfigurationDelegate - Multiple Spring Data modules found, entering strict repository configuration mode
2025-08-28 23:28:46.788 [main] INFO  o.s.d.r.config.RepositoryConfigurationDelegate - Bootstrapping Spring Data Redis repositories in DEFAULT mode.
2025-08-28 23:28:46.810 [main] INFO  o.s.d.r.config.RepositoryConfigurationDelegate - Finished Spring Data repository scanning in 10 ms. Found 0 Redis repository interfaces.
2025-08-28 23:28:47.216 [main] INFO  o.s.boot.web.embedded.tomcat.TomcatWebServer - Tomcat initialized with port 8081 (http)
2025-08-28 23:28:47.226 [main] INFO  org.apache.coyote.http11.Http11NioProtocol - Initializing ProtocolHandler ["http-nio-8081"]
2025-08-28 23:28:47.228 [main] INFO  org.apache.catalina.core.StandardService - Starting service [Tomcat]
2025-08-28 23:28:47.228 [main] INFO  org.apache.catalina.core.StandardEngine - Starting Servlet engine: [Apache Tomcat/10.1.44]
2025-08-28 23:28:47.277 [main] INFO  o.a.c.core.ContainerBase.[Tomcat].[localhost].[/] - Initializing Spring embedded WebApplicationContext
2025-08-28 23:28:47.278 [main] INFO  o.s.b.w.s.c.ServletWebServerApplicationContext - Root WebApplicationContext: initialization completed in 995 ms
2025-08-28 23:28:48.224 [main] INFO  org.apache.coyote.http11.Http11NioProtocol - Starting ProtocolHandler ["http-nio-8081"]
2025-08-28 23:28:48.239 [main] INFO  o.s.boot.web.embedded.tomcat.TomcatWebServer - Tomcat started on port 8081 (http) with context path '/'
2025-08-28 23:28:48.241 [main] INFO  o.s.a.rabbit.connection.CachingConnectionFactory - Attempting to connect to: [localhost:5672]
2025-08-28 23:28:48.290 [main] INFO  o.s.a.rabbit.connection.CachingConnectionFactory - Created new connection: rabbitConnectionFactory#2fba0dac:0/SimpleConnection@e5864c2 [delegate=amqp://guest@127.0.0.1:5672/, localPort=57704]
2025-08-28 23:28:48.295 [main] INFO  org.springframework.amqp.rabbit.core.RabbitAdmin - Auto-declaring a non-durable, auto-delete, or exclusive Queue (REWARD_RETRY_QUEUE) durable:false, auto-delete:false, exclusive:false. It will be redeclared if the broker stops and is restarted while the connection factory is alive, but all messages will be lost.
2025-08-28 23:28:48.365 [main] INFO  c.reward_project.play_record.PlayRecordApplication - Started PlayRecordApplication in 2.416 seconds (process running for 3.111)
2025-08-28 23:29:03.752 [main] INFO  com.reward_project.coin.CoinApplication - Starting CoinApplication using Java 24.0.1 with PID 29776 (D:\grad1\project\coin\target\classes started by 12943 in D:\grad1\project\coin)
2025-08-28 23:29:03.753 [main] INFO  com.reward_project.coin.CoinApplication - No active profile set, falling back to 1 default profile: "default"
2025-08-28 23:29:04.478 [main] INFO  o.s.boot.web.embedded.tomcat.TomcatWebServer - Tomcat initialized with port 8082 (http)
2025-08-28 23:29:04.488 [main] INFO  org.apache.coyote.http11.Http11NioProtocol - Initializing ProtocolHandler ["http-nio-8082"]
2025-08-28 23:29:04.489 [main] INFO  org.apache.catalina.core.StandardService - Starting service [Tomcat]
2025-08-28 23:29:04.489 [main] INFO  org.apache.catalina.core.StandardEngine - Starting Servlet engine: [Apache Tomcat/10.1.44]
2025-08-28 23:29:04.537 [main] INFO  o.a.c.core.ContainerBase.[Tomcat].[localhost].[/] - Initializing Spring embedded WebApplicationContext
2025-08-28 23:29:04.537 [main] INFO  o.s.b.w.s.c.ServletWebServerApplicationContext - Root WebApplicationContext: initialization completed in 742 ms
2025-08-28 23:29:05.024 [main] INFO  org.apache.coyote.http11.Http11NioProtocol - Starting ProtocolHandler ["http-nio-8082"]
2025-08-28 23:29:05.037 [main] INFO  o.s.boot.web.embedded.tomcat.TomcatWebServer - Tomcat started on port 8082 (http) with context path '/'
2025-08-28 23:29:05.042 [main] INFO  com.reward_project.coin.CoinApplication - Started CoinApplication in 1.58 seconds (process running for 2.286)
2025-08-28 23:34:29.140 [http-nio-8081-exec-1] INFO  o.a.c.core.ContainerBase.[Tomcat].[localhost].[/] - Initializing Spring DispatcherServlet 'dispatcherServlet'
2025-08-28 23:34:29.140 [http-nio-8081-exec-1] INFO  org.springframework.web.servlet.DispatcherServlet - Initializing Servlet 'dispatcherServlet'
2025-08-28 23:34:29.142 [http-nio-8081-exec-1] INFO  org.springframework.web.servlet.DispatcherServlet - Completed initialization in 2 ms
2025-08-28 23:34:29.286 [http-nio-8081-exec-1] INFO  com.zaxxer.hikari.HikariDataSource - HikariPool-1 - Starting...
2025-08-28 23:34:29.654 [http-nio-8081-exec-1] INFO  com.zaxxer.hikari.pool.HikariPool - HikariPool-1 - Added connection com.mysql.cj.jdbc.ConnectionImpl@322e8895
2025-08-28 23:34:29.657 [http-nio-8081-exec-1] INFO  com.zaxxer.hikari.HikariDataSource - HikariPool-1 - Start completed.
2025-08-28 23:34:57.596 [org.springframework.amqp.rabbit.RabbitListenerEndpointContainer#0-2] INFO  o.s.a.r.listener.SimpleMessageListenerContainer - Waiting for workers to finish.
2025-08-28 23:34:57.639 [org.springframework.amqp.rabbit.RabbitListenerEndpointContainer#0-2] INFO  o.s.a.r.listener.SimpleMessageListenerContainer - Successfully waited for workers to finish.
2025-08-28 23:34:57.641 [SpringApplicationShutdownHook] INFO  o.s.boot.web.embedded.tomcat.GracefulShutdown - Commencing graceful shutdown. Waiting for active requests to complete
2025-08-28 23:34:57.679 [tomcat-shutdown] INFO  o.s.boot.web.embedded.tomcat.GracefulShutdown - Graceful shutdown complete
2025-08-28 23:34:57.711 [SpringApplicationShutdownHook] INFO  com.zaxxer.hikari.HikariDataSource - HikariPool-1 - Shutdown initiated...
2025-08-28 23:34:57.720 [SpringApplicationShutdownHook] INFO  com.zaxxer.hikari.HikariDataSource - HikariPool-1 - Shutdown completed.
2025-08-28 23:35:00.600 [main] INFO  c.reward_project.play_record.PlayRecordApplication - Starting PlayRecordApplication using Java 24.0.1 with PID 22456 (D:\grad1\project\play_record\target\classes started by 12943 in D:\grad1\project\play_record)
2025-08-28 23:35:00.601 [main] INFO  c.reward_project.play_record.PlayRecordApplication - No active profile set, falling back to 1 default profile: "default"
2025-08-28 23:35:01.237 [main] INFO  o.s.d.r.config.RepositoryConfigurationDelegate - Multiple Spring Data modules found, entering strict repository configuration mode
2025-08-28 23:35:01.239 [main] INFO  o.s.d.r.config.RepositoryConfigurationDelegate - Bootstrapping Spring Data Redis repositories in DEFAULT mode.
2025-08-28 23:35:01.264 [main] INFO  o.s.d.r.config.RepositoryConfigurationDelegate - Finished Spring Data repository scanning in 13 ms. Found 0 Redis repository interfaces.
2025-08-28 23:35:01.760 [main] INFO  o.s.boot.web.embedded.tomcat.TomcatWebServer - Tomcat initialized with port 8081 (http)
2025-08-28 23:35:01.772 [main] INFO  org.apache.coyote.http11.Http11NioProtocol - Initializing ProtocolHandler ["http-nio-8081"]
2025-08-28 23:35:01.774 [main] INFO  org.apache.catalina.core.StandardService - Starting service [Tomcat]
2025-08-28 23:35:01.774 [main] INFO  org.apache.catalina.core.StandardEngine - Starting Servlet engine: [Apache Tomcat/10.1.44]
2025-08-28 23:35:01.834 [main] INFO  o.a.c.core.ContainerBase.[Tomcat].[localhost].[/] - Initializing Spring embedded WebApplicationContext
2025-08-28 23:35:01.835 [main] INFO  o.s.b.w.s.c.ServletWebServerApplicationContext - Root WebApplicationContext: initialization completed in 1187 ms
2025-08-28 23:35:03.047 [main] INFO  org.apache.coyote.http11.Http11NioProtocol - Starting ProtocolHandler ["http-nio-8081"]
2025-08-28 23:35:03.066 [main] INFO  o.s.boot.web.embedded.tomcat.TomcatWebServer - Tomcat started on port 8081 (http) with context path '/'
2025-08-28 23:35:03.069 [main] INFO  o.s.a.rabbit.connection.CachingConnectionFactory - Attempting to connect to: [localhost:5672]
2025-08-28 23:35:03.113 [main] INFO  o.s.a.rabbit.connection.CachingConnectionFactory - Created new connection: rabbitConnectionFactory#16e195cf:0/SimpleConnection@4c9ef9c9 [delegate=amqp://guest@127.0.0.1:5672/, localPort=57835]
2025-08-28 23:35:03.118 [main] INFO  org.springframework.amqp.rabbit.core.RabbitAdmin - Auto-declaring a non-durable, auto-delete, or exclusive Queue (REWARD_RETRY_QUEUE) durable:false, auto-delete:false, exclusive:false. It will be redeclared if the broker stops and is restarted while the connection factory is alive, but all messages will be lost.
2025-08-28 23:35:03.176 [main] INFO  c.reward_project.play_record.PlayRecordApplication - Started PlayRecordApplication in 2.882 seconds (process running for 4.047)
2025-08-28 23:35:45.073 [http-nio-8081-exec-1] INFO  o.a.c.core.ContainerBase.[Tomcat].[localhost].[/] - Initializing Spring DispatcherServlet 'dispatcherServlet'
2025-08-28 23:35:45.074 [http-nio-8081-exec-1] INFO  org.springframework.web.servlet.DispatcherServlet - Initializing Servlet 'dispatcherServlet'
2025-08-28 23:35:45.075 [http-nio-8081-exec-1] INFO  org.springframework.web.servlet.DispatcherServlet - Completed initialization in 1 ms
2025-08-28 23:36:03.065 [http-nio-8081-exec-1] INFO  com.zaxxer.hikari.HikariDataSource - HikariPool-1 - Starting...
2025-08-28 23:36:06.359 [http-nio-8081-exec-1] INFO  com.zaxxer.hikari.pool.HikariPool - HikariPool-1 - Added connection com.mysql.cj.jdbc.ConnectionImpl@58a94913
2025-08-28 23:36:06.363 [http-nio-8081-exec-1] INFO  com.zaxxer.hikari.HikariDataSource - HikariPool-1 - Start completed.
2025-08-28 23:36:18.033 [org.springframework.amqp.rabbit.RabbitListenerEndpointContainer#0-2] INFO  o.s.a.r.listener.SimpleMessageListenerContainer - Waiting for workers to finish.
2025-08-28 23:36:18.802 [org.springframework.amqp.rabbit.RabbitListenerEndpointContainer#0-2] INFO  o.s.a.r.listener.SimpleMessageListenerContainer - Successfully waited for workers to finish.
2025-08-28 23:36:18.804 [SpringApplicationShutdownHook] INFO  o.s.boot.web.embedded.tomcat.GracefulShutdown - Commencing graceful shutdown. Waiting for active requests to complete
2025-08-28 23:36:18.825 [tomcat-shutdown] INFO  o.s.boot.web.embedded.tomcat.GracefulShutdown - Graceful shutdown complete
2025-08-28 23:36:18.843 [SpringApplicationShutdownHook] INFO  com.zaxxer.hikari.HikariDataSource - HikariPool-1 - Shutdown initiated...
2025-08-28 23:36:18.849 [SpringApplicationShutdownHook] INFO  com.zaxxer.hikari.HikariDataSource - HikariPool-1 - Shutdown completed.
2025-08-28 23:57:27.939 [SpringApplicationShutdownHook] INFO  o.s.boot.web.embedded.tomcat.GracefulShutdown - Commencing graceful shutdown. Waiting for active requests to complete
2025-08-28 23:57:28.113 [tomcat-shutdown] INFO  o.s.boot.web.embedded.tomcat.GracefulShutdown - Graceful shutdown complete
