2025-09-02 00:00:30.528 [main] INFO  c.reward_project.play_record.PlayRecordApplication - Starting PlayRecordApplication using Java 24.0.1 with PID 8328 (D:\grad1\project\play_record\target\classes started by 12943 in D:\grad1\project\play_record)
2025-09-02 00:00:30.530 [main] INFO  c.reward_project.play_record.PlayRecordApplication - No active profile set, falling back to 1 default profile: "default"
2025-09-02 00:00:31.182 [main] INFO  o.s.d.r.config.RepositoryConfigurationDelegate - Multiple Spring Data modules found, entering strict repository configuration mode
2025-09-02 00:00:31.184 [main] INFO  o.s.d.r.config.RepositoryConfigurationDelegate - Bootstrapping Spring Data Redis repositories in DEFAULT mode.
2025-09-02 00:00:31.223 [main] INFO  o.s.d.r.config.RepositoryConfigurationDelegate - Finished Spring Data repository scanning in 17 ms. Found 0 Redis repository interfaces.
2025-09-02 00:00:31.758 [main] INFO  o.s.boot.web.embedded.tomcat.TomcatWebServer - Tomcat initialized with port 8081 (http)
2025-09-02 00:00:31.771 [main] INFO  org.apache.coyote.http11.Http11NioProtocol - Initializing ProtocolHandler ["http-nio-8081"]
2025-09-02 00:00:31.772 [main] INFO  org.apache.catalina.core.StandardService - Starting service [Tomcat]
2025-09-02 00:00:31.773 [main] INFO  org.apache.catalina.core.StandardEngine - Starting Servlet engine: [Apache Tomcat/10.1.44]
2025-09-02 00:00:31.829 [main] INFO  o.a.c.core.ContainerBase.[Tomcat].[localhost].[/] - Initializing Spring embedded WebApplicationContext
2025-09-02 00:00:31.829 [main] INFO  o.s.b.w.s.c.ServletWebServerApplicationContext - Root WebApplicationContext: initialization completed in 1257 ms
2025-09-02 00:00:34.116 [main] INFO  org.apache.coyote.http11.Http11NioProtocol - Starting ProtocolHandler ["http-nio-8081"]
2025-09-02 00:00:34.158 [main] INFO  o.s.boot.web.embedded.tomcat.TomcatWebServer - Tomcat started on port 8081 (http) with context path '/'
2025-09-02 00:00:34.162 [main] INFO  o.s.a.rabbit.connection.CachingConnectionFactory - Attempting to connect to: [localhost:5672]
2025-09-02 00:00:34.235 [main] INFO  o.s.a.rabbit.connection.CachingConnectionFactory - Created new connection: rabbitConnectionFactory#4b85edeb:0/SimpleConnection@69c227fd [delegate=amqp://guest@127.0.0.1:5672/, localPort=50580]
2025-09-02 00:00:34.251 [main] INFO  org.springframework.amqp.rabbit.core.RabbitAdmin - Auto-declaring a non-durable, auto-delete, or exclusive Queue (REWARD_RETRY_QUEUE) durable:false, auto-delete:false, exclusive:false. It will be redeclared if the broker stops and is restarted while the connection factory is alive, but all messages will be lost.
2025-09-02 00:00:34.365 [main] INFO  c.reward_project.play_record.PlayRecordApplication - Started PlayRecordApplication in 4.166 seconds (process running for 5.241)
2025-09-02 00:00:36.162 [http-nio-8081-exec-1] INFO  o.a.c.core.ContainerBase.[Tomcat].[localhost].[/] - Initializing Spring DispatcherServlet 'dispatcherServlet'
2025-09-02 00:00:36.163 [http-nio-8081-exec-1] INFO  org.springframework.web.servlet.DispatcherServlet - Initializing Servlet 'dispatcherServlet'
2025-09-02 00:00:36.163 [http-nio-8081-exec-1] INFO  org.springframework.web.servlet.DispatcherServlet - Completed initialization in 0 ms
2025-09-02 00:01:17.609 [http-nio-8081-exec-1] INFO  com.zaxxer.hikari.HikariDataSource - HikariPool-1 - Starting...
2025-09-02 00:01:21.333 [http-nio-8081-exec-1] INFO  com.zaxxer.hikari.pool.HikariPool - HikariPool-1 - Added connection com.mysql.cj.jdbc.ConnectionImpl@457df7d0
2025-09-02 00:01:21.341 [http-nio-8081-exec-1] INFO  com.zaxxer.hikari.HikariDataSource - HikariPool-1 - Start completed.
2025-09-02 00:02:18.802 [http-nio-8081-exec-1] WARN  c.r.play_record.service.impl.SyncServiceImpl - 用户9当前播放总时长为60，未达到最低发奖门槛
2025-09-02 00:04:10.888 [org.springframework.amqp.rabbit.RabbitListenerEndpointContainer#0-2] INFO  o.s.a.r.listener.SimpleMessageListenerContainer - Waiting for workers to finish.
2025-09-02 00:04:11.494 [org.springframework.amqp.rabbit.RabbitListenerEndpointContainer#0-2] INFO  o.s.a.r.listener.SimpleMessageListenerContainer - Successfully waited for workers to finish.
2025-09-02 00:04:11.495 [SpringApplicationShutdownHook] INFO  o.s.boot.web.embedded.tomcat.GracefulShutdown - Commencing graceful shutdown. Waiting for active requests to complete
2025-09-02 00:04:11.521 [tomcat-shutdown] INFO  o.s.boot.web.embedded.tomcat.GracefulShutdown - Graceful shutdown complete
2025-09-02 00:04:11.540 [SpringApplicationShutdownHook] INFO  com.zaxxer.hikari.HikariDataSource - HikariPool-1 - Shutdown initiated...
2025-09-02 00:04:11.545 [SpringApplicationShutdownHook] INFO  com.zaxxer.hikari.HikariDataSource - HikariPool-1 - Shutdown completed.
2025-09-02 00:04:54.461 [main] INFO  c.reward_project.play_record.PlayRecordApplication - Starting PlayRecordApplication using Java 24.0.1 with PID 40828 (D:\grad1\project\play_record\target\classes started by 12943 in D:\grad1\project\play_record)
2025-09-02 00:04:54.462 [main] INFO  c.reward_project.play_record.PlayRecordApplication - No active profile set, falling back to 1 default profile: "default"
2025-09-02 00:04:55.112 [main] INFO  o.s.d.r.config.RepositoryConfigurationDelegate - Multiple Spring Data modules found, entering strict repository configuration mode
2025-09-02 00:04:55.114 [main] INFO  o.s.d.r.config.RepositoryConfigurationDelegate - Bootstrapping Spring Data Redis repositories in DEFAULT mode.
2025-09-02 00:04:55.138 [main] INFO  o.s.d.r.config.RepositoryConfigurationDelegate - Finished Spring Data repository scanning in 12 ms. Found 0 Redis repository interfaces.
2025-09-02 00:04:55.648 [main] INFO  o.s.boot.web.embedded.tomcat.TomcatWebServer - Tomcat initialized with port 8081 (http)
2025-09-02 00:04:55.660 [main] INFO  org.apache.coyote.http11.Http11NioProtocol - Initializing ProtocolHandler ["http-nio-8081"]
2025-09-02 00:04:55.662 [main] INFO  org.apache.catalina.core.StandardService - Starting service [Tomcat]
2025-09-02 00:04:55.662 [main] INFO  org.apache.catalina.core.StandardEngine - Starting Servlet engine: [Apache Tomcat/10.1.44]
2025-09-02 00:04:55.719 [main] INFO  o.a.c.core.ContainerBase.[Tomcat].[localhost].[/] - Initializing Spring embedded WebApplicationContext
2025-09-02 00:04:55.719 [main] INFO  o.s.b.w.s.c.ServletWebServerApplicationContext - Root WebApplicationContext: initialization completed in 1214 ms
2025-09-02 00:04:58.011 [main] INFO  org.apache.coyote.http11.Http11NioProtocol - Starting ProtocolHandler ["http-nio-8081"]
2025-09-02 00:04:58.052 [main] INFO  o.s.boot.web.embedded.tomcat.TomcatWebServer - Tomcat started on port 8081 (http) with context path '/'
2025-09-02 00:04:58.056 [main] INFO  o.s.a.rabbit.connection.CachingConnectionFactory - Attempting to connect to: [localhost:5672]
2025-09-02 00:04:58.130 [main] INFO  o.s.a.rabbit.connection.CachingConnectionFactory - Created new connection: rabbitConnectionFactory#709d86a2:0/SimpleConnection@5ee0cf64 [delegate=amqp://guest@127.0.0.1:5672/, localPort=50663]
2025-09-02 00:04:58.144 [main] INFO  org.springframework.amqp.rabbit.core.RabbitAdmin - Auto-declaring a non-durable, auto-delete, or exclusive Queue (REWARD_RETRY_QUEUE) durable:false, auto-delete:false, exclusive:false. It will be redeclared if the broker stops and is restarted while the connection factory is alive, but all messages will be lost.
2025-09-02 00:04:58.258 [main] INFO  c.reward_project.play_record.PlayRecordApplication - Started PlayRecordApplication in 4.145 seconds (process running for 5.235)
2025-09-02 00:05:07.721 [http-nio-8081-exec-1] INFO  o.a.c.core.ContainerBase.[Tomcat].[localhost].[/] - Initializing Spring DispatcherServlet 'dispatcherServlet'
2025-09-02 00:05:07.721 [http-nio-8081-exec-1] INFO  org.springframework.web.servlet.DispatcherServlet - Initializing Servlet 'dispatcherServlet'
2025-09-02 00:05:07.722 [http-nio-8081-exec-1] INFO  org.springframework.web.servlet.DispatcherServlet - Completed initialization in 1 ms
2025-09-02 00:05:18.792 [http-nio-8081-exec-1] INFO  com.zaxxer.hikari.HikariDataSource - HikariPool-1 - Starting...
2025-09-02 00:05:22.702 [http-nio-8081-exec-1] INFO  com.zaxxer.hikari.pool.HikariPool - HikariPool-1 - Added connection com.mysql.cj.jdbc.ConnectionImpl@51b9e961
2025-09-02 00:05:22.712 [http-nio-8081-exec-1] INFO  com.zaxxer.hikari.HikariDataSource - HikariPool-1 - Start completed.
2025-09-02 00:05:31.459 [http-nio-8081-exec-1] WARN  c.r.play_record.service.impl.SyncServiceImpl - 用户9当前播放总时长为90，未达到最低发奖门槛
2025-09-02 00:06:20.976 [HikariPool-1:housekeeper] WARN  com.zaxxer.hikari.pool.HikariPool - HikariPool-1 - Thread starvation or clock leap detected (housekeeper delta=58s166ms744µs100ns).
2025-09-02 00:08:25.006 [org.springframework.amqp.rabbit.RabbitListenerEndpointContainer#0-2] INFO  o.s.a.r.listener.SimpleMessageListenerContainer - Waiting for workers to finish.
2025-09-02 00:08:25.227 [org.springframework.amqp.rabbit.RabbitListenerEndpointContainer#0-2] INFO  o.s.a.r.listener.SimpleMessageListenerContainer - Successfully waited for workers to finish.
2025-09-02 00:08:25.228 [SpringApplicationShutdownHook] INFO  o.s.boot.web.embedded.tomcat.GracefulShutdown - Commencing graceful shutdown. Waiting for active requests to complete
2025-09-02 00:08:25.251 [tomcat-shutdown] INFO  o.s.boot.web.embedded.tomcat.GracefulShutdown - Graceful shutdown complete
2025-09-02 00:08:25.270 [SpringApplicationShutdownHook] INFO  com.zaxxer.hikari.HikariDataSource - HikariPool-1 - Shutdown initiated...
2025-09-02 00:08:25.275 [SpringApplicationShutdownHook] INFO  com.zaxxer.hikari.HikariDataSource - HikariPool-1 - Shutdown completed.
2025-09-02 00:08:34.843 [main] INFO  c.reward_project.play_record.PlayRecordApplication - Starting PlayRecordApplication using Java 24.0.1 with PID 6116 (D:\grad1\project\play_record\target\classes started by 12943 in D:\grad1\project\play_record)
2025-09-02 00:08:34.845 [main] INFO  c.reward_project.play_record.PlayRecordApplication - No active profile set, falling back to 1 default profile: "default"
2025-09-02 00:08:35.496 [main] INFO  o.s.d.r.config.RepositoryConfigurationDelegate - Multiple Spring Data modules found, entering strict repository configuration mode
2025-09-02 00:08:35.498 [main] INFO  o.s.d.r.config.RepositoryConfigurationDelegate - Bootstrapping Spring Data Redis repositories in DEFAULT mode.
2025-09-02 00:08:35.524 [main] INFO  o.s.d.r.config.RepositoryConfigurationDelegate - Finished Spring Data repository scanning in 13 ms. Found 0 Redis repository interfaces.
2025-09-02 00:08:36.053 [main] INFO  o.s.boot.web.embedded.tomcat.TomcatWebServer - Tomcat initialized with port 8081 (http)
2025-09-02 00:08:36.064 [main] INFO  org.apache.coyote.http11.Http11NioProtocol - Initializing ProtocolHandler ["http-nio-8081"]
2025-09-02 00:08:36.065 [main] INFO  org.apache.catalina.core.StandardService - Starting service [Tomcat]
2025-09-02 00:08:36.065 [main] INFO  org.apache.catalina.core.StandardEngine - Starting Servlet engine: [Apache Tomcat/10.1.44]
2025-09-02 00:08:36.123 [main] INFO  o.a.c.core.ContainerBase.[Tomcat].[localhost].[/] - Initializing Spring embedded WebApplicationContext
2025-09-02 00:08:36.124 [main] INFO  o.s.b.w.s.c.ServletWebServerApplicationContext - Root WebApplicationContext: initialization completed in 1216 ms
2025-09-02 00:08:38.355 [main] INFO  org.apache.coyote.http11.Http11NioProtocol - Starting ProtocolHandler ["http-nio-8081"]
2025-09-02 00:08:38.396 [main] INFO  o.s.boot.web.embedded.tomcat.TomcatWebServer - Tomcat started on port 8081 (http) with context path '/'
2025-09-02 00:08:38.400 [main] INFO  o.s.a.rabbit.connection.CachingConnectionFactory - Attempting to connect to: [localhost:5672]
2025-09-02 00:08:38.468 [main] INFO  o.s.a.rabbit.connection.CachingConnectionFactory - Created new connection: rabbitConnectionFactory#4b85edeb:0/SimpleConnection@14c5283 [delegate=amqp://guest@127.0.0.1:5672/, localPort=50759]
2025-09-02 00:08:38.484 [main] INFO  org.springframework.amqp.rabbit.core.RabbitAdmin - Auto-declaring a non-durable, auto-delete, or exclusive Queue (REWARD_RETRY_QUEUE) durable:false, auto-delete:false, exclusive:false. It will be redeclared if the broker stops and is restarted while the connection factory is alive, but all messages will be lost.
2025-09-02 00:08:38.616 [main] INFO  c.reward_project.play_record.PlayRecordApplication - Started PlayRecordApplication in 4.114 seconds (process running for 5.256)
2025-09-02 00:08:47.502 [http-nio-8081-exec-1] INFO  o.a.c.core.ContainerBase.[Tomcat].[localhost].[/] - Initializing Spring DispatcherServlet 'dispatcherServlet'
2025-09-02 00:08:47.503 [http-nio-8081-exec-1] INFO  org.springframework.web.servlet.DispatcherServlet - Initializing Servlet 'dispatcherServlet'
2025-09-02 00:08:47.504 [http-nio-8081-exec-1] INFO  org.springframework.web.servlet.DispatcherServlet - Completed initialization in 1 ms
2025-09-02 00:09:08.256 [http-nio-8081-exec-1] INFO  com.zaxxer.hikari.HikariDataSource - HikariPool-1 - Starting...
2025-09-02 00:09:11.702 [http-nio-8081-exec-1] INFO  com.zaxxer.hikari.pool.HikariPool - HikariPool-1 - Added connection com.mysql.cj.jdbc.ConnectionImpl@6d6a42cd
2025-09-02 00:09:11.708 [http-nio-8081-exec-1] INFO  com.zaxxer.hikari.HikariDataSource - HikariPool-1 - Start completed.
2025-09-02 00:09:35.546 [http-nio-8081-exec-1] WARN  c.r.play_record.service.impl.SyncServiceImpl - 用户9当前播放总时长为120，未达到最低发奖门槛
2025-09-02 00:09:59.087 [org.springframework.amqp.rabbit.RabbitListenerEndpointContainer#0-2] INFO  o.s.a.r.listener.SimpleMessageListenerContainer - Waiting for workers to finish.
2025-09-02 00:09:59.725 [org.springframework.amqp.rabbit.RabbitListenerEndpointContainer#0-2] INFO  o.s.a.r.listener.SimpleMessageListenerContainer - Successfully waited for workers to finish.
2025-09-02 00:09:59.726 [SpringApplicationShutdownHook] INFO  o.s.boot.web.embedded.tomcat.GracefulShutdown - Commencing graceful shutdown. Waiting for active requests to complete
2025-09-02 00:09:59.752 [tomcat-shutdown] INFO  o.s.boot.web.embedded.tomcat.GracefulShutdown - Graceful shutdown complete
2025-09-02 00:09:59.775 [SpringApplicationShutdownHook] INFO  com.zaxxer.hikari.HikariDataSource - HikariPool-1 - Shutdown initiated...
2025-09-02 00:09:59.779 [SpringApplicationShutdownHook] INFO  com.zaxxer.hikari.HikariDataSource - HikariPool-1 - Shutdown completed.
2025-09-02 00:18:52.049 [main] INFO  c.reward_project.play_record.PlayRecordApplication - Starting PlayRecordApplication using Java 24.0.1 with PID 35200 (D:\grad1\project\play_record\target\classes started by 12943 in D:\grad1\project\play_record)
2025-09-02 00:18:52.051 [main] INFO  c.reward_project.play_record.PlayRecordApplication - No active profile set, falling back to 1 default profile: "default"
2025-09-02 00:18:52.696 [main] INFO  o.s.d.r.config.RepositoryConfigurationDelegate - Multiple Spring Data modules found, entering strict repository configuration mode
2025-09-02 00:18:52.698 [main] INFO  o.s.d.r.config.RepositoryConfigurationDelegate - Bootstrapping Spring Data Redis repositories in DEFAULT mode.
2025-09-02 00:18:52.724 [main] INFO  o.s.d.r.config.RepositoryConfigurationDelegate - Finished Spring Data repository scanning in 14 ms. Found 0 Redis repository interfaces.
2025-09-02 00:18:53.182 [main] INFO  o.s.boot.web.embedded.tomcat.TomcatWebServer - Tomcat initialized with port 8081 (http)
2025-09-02 00:18:53.193 [main] INFO  org.apache.coyote.http11.Http11NioProtocol - Initializing ProtocolHandler ["http-nio-8081"]
2025-09-02 00:18:53.194 [main] INFO  org.apache.catalina.core.StandardService - Starting service [Tomcat]
2025-09-02 00:18:53.194 [main] INFO  org.apache.catalina.core.StandardEngine - Starting Servlet engine: [Apache Tomcat/10.1.44]
2025-09-02 00:18:53.250 [main] INFO  o.a.c.core.ContainerBase.[Tomcat].[localhost].[/] - Initializing Spring embedded WebApplicationContext
2025-09-02 00:18:53.250 [main] INFO  o.s.b.w.s.c.ServletWebServerApplicationContext - Root WebApplicationContext: initialization completed in 1162 ms
2025-09-02 00:18:54.278 [main] INFO  org.apache.coyote.http11.Http11NioProtocol - Starting ProtocolHandler ["http-nio-8081"]
2025-09-02 00:18:54.293 [main] INFO  o.s.boot.web.embedded.tomcat.TomcatWebServer - Tomcat started on port 8081 (http) with context path '/'
2025-09-02 00:18:54.296 [main] INFO  o.s.a.rabbit.connection.CachingConnectionFactory - Attempting to connect to: [localhost:5672]
2025-09-02 00:18:54.329 [main] INFO  o.s.a.rabbit.connection.CachingConnectionFactory - Created new connection: rabbitConnectionFactory#561d88ee:0/SimpleConnection@1c972ae6 [delegate=amqp://guest@127.0.0.1:5672/, localPort=55434]
2025-09-02 00:18:54.333 [main] INFO  org.springframework.amqp.rabbit.core.RabbitAdmin - Auto-declaring a non-durable, auto-delete, or exclusive Queue (REWARD_RETRY_QUEUE) durable:false, auto-delete:false, exclusive:false. It will be redeclared if the broker stops and is restarted while the connection factory is alive, but all messages will be lost.
2025-09-02 00:18:54.382 [main] INFO  c.reward_project.play_record.PlayRecordApplication - Started PlayRecordApplication in 2.649 seconds (process running for 3.466)
2025-09-02 00:18:57.320 [http-nio-8081-exec-1] INFO  o.a.c.core.ContainerBase.[Tomcat].[localhost].[/] - Initializing Spring DispatcherServlet 'dispatcherServlet'
2025-09-02 00:18:57.320 [http-nio-8081-exec-1] INFO  org.springframework.web.servlet.DispatcherServlet - Initializing Servlet 'dispatcherServlet'
2025-09-02 00:18:57.321 [http-nio-8081-exec-1] INFO  org.springframework.web.servlet.DispatcherServlet - Completed initialization in 1 ms
2025-09-02 00:18:57.408 [http-nio-8081-exec-1] INFO  com.zaxxer.hikari.HikariDataSource - HikariPool-1 - Starting...
2025-09-02 00:18:57.648 [http-nio-8081-exec-1] INFO  com.zaxxer.hikari.pool.HikariPool - HikariPool-1 - Added connection com.mysql.cj.jdbc.ConnectionImpl@3692536b
2025-09-02 00:18:57.650 [http-nio-8081-exec-1] INFO  com.zaxxer.hikari.HikariDataSource - HikariPool-1 - Start completed.
2025-09-02 00:18:57.749 [http-nio-8081-exec-1] WARN  c.r.play_record.service.impl.SyncServiceImpl - 用户9当前播放总时长为150，未达到最低发奖门槛
2025-09-02 00:19:03.733 [http-nio-8081-exec-2] ERROR c.r.play_record.service.impl.SyncServiceImpl - 输入的奖品类型redpocket不存在
2025-09-02 00:19:03.764 [org.springframework.amqp.rabbit.RabbitListenerEndpointContainer#0-1] INFO  c.r.p.service.consumer.RewardRetryConsumer - 正在进行重试，外部业务号为musicPlay_9_2025-09-02_redpocket_redpocket01_1
2025-09-02 00:19:03.768 [org.springframework.amqp.rabbit.RabbitListenerEndpointContainer#0-1] ERROR c.r.play_record.service.impl.SyncServiceImpl - 输入的奖品类型redpocket不存在
2025-09-02 00:19:05.771 [org.springframework.amqp.rabbit.RabbitListenerEndpointContainer#0-1] INFO  c.r.p.service.consumer.RewardRetryConsumer - 正在进行重试，外部业务号为musicPlay_9_2025-09-02_redpocket_redpocket01_1
2025-09-02 00:19:05.773 [org.springframework.amqp.rabbit.RabbitListenerEndpointContainer#0-1] ERROR c.r.play_record.service.impl.SyncServiceImpl - 输入的奖品类型redpocket不存在
2025-09-02 00:19:07.776 [org.springframework.amqp.rabbit.RabbitListenerEndpointContainer#0-1] INFO  c.r.p.service.consumer.RewardRetryConsumer - 正在进行重试，外部业务号为musicPlay_9_2025-09-02_redpocket_redpocket01_1
2025-09-02 00:19:07.777 [org.springframework.amqp.rabbit.RabbitListenerEndpointContainer#0-1] ERROR c.r.play_record.service.impl.SyncServiceImpl - 输入的奖品类型redpocket不存在
2025-09-02 00:19:07.780 [org.springframework.amqp.rabbit.RabbitListenerEndpointContainer#0-1] ERROR c.r.p.service.consumer.RewardRetryConsumer - 外部业务号为musicPlay_9_2025-09-02_redpocket_redpocket01_1的发奖已重试三次，依旧失败
2025-09-02 00:19:57.114 [http-nio-8081-exec-4] INFO  c.r.play_record.service.impl.SyncServiceImpl - 用户9在2025-09-02第一次插入总时长
2025-09-02 00:19:57.127 [http-nio-8081-exec-4] WARN  c.r.play_record.service.impl.SyncServiceImpl - 用户9当前播放总时长为30，未达到最低发奖门槛
2025-09-02 00:20:05.580 [http-nio-8081-exec-3] WARN  c.r.play_record.service.impl.SyncServiceImpl - 用户9当前播放总时长为60，未达到最低发奖门槛
2025-09-02 00:20:06.493 [http-nio-8081-exec-5] WARN  c.r.play_record.service.impl.SyncServiceImpl - 用户9当前播放总时长为90，未达到最低发奖门槛
2025-09-02 00:20:07.376 [http-nio-8081-exec-6] WARN  c.r.play_record.service.impl.SyncServiceImpl - 用户9当前播放总时长为120，未达到最低发奖门槛
2025-09-02 00:20:11.705 [http-nio-8081-exec-7] WARN  c.r.play_record.service.impl.SyncServiceImpl - 用户9当前播放总时长为150，未达到最低发奖门槛
2025-09-02 00:20:13.089 [http-nio-8081-exec-8] INFO  c.r.p.service.handler.AbstractPrizeHandler - 在场景musicPlay下，给用户9发第1阶段，类型为red_pocket子类型为red_pocket01的奖品，数量为1，外部业务号为musicPlay_9_2025-09-02_red_pocket_red_pocket01_1
2025-09-02 00:20:16.133 [http-nio-8081-exec-9] INFO  c.r.p.service.handler.AbstractPrizeHandler - 在场景musicPlay下，给用户9发第1阶段，类型为red_pocket子类型为red_pocket01的奖品，数量为1，外部业务号为musicPlay_9_2025-09-02_red_pocket_red_pocket01_1
2025-09-02 00:20:17.097 [http-nio-8081-exec-9] ERROR c.r.play_record.service.impl.SyncServiceImpl - 用户9当前播放总时长为210，本阶段已发奖，外部业务号为musicPlay_9_2025-09-02_red_pocket_red_pocket01_1
2025-09-02 00:20:58.218 [http-nio-8081-exec-10] INFO  c.r.p.service.handler.AbstractPrizeHandler - 在场景musicPlay下，给用户9发第1阶段，类型为red_pocket子类型为red_pocket01的奖品，数量为1，外部业务号为musicPlay_9_2025-09-02_red_pocket_red_pocket01_1
2025-09-02 00:20:58.258 [http-nio-8081-exec-10] ERROR c.r.play_record.service.impl.SyncServiceImpl - 用户9当前播放总时长为240，本阶段已发奖，外部业务号为musicPlay_9_2025-09-02_red_pocket_red_pocket01_1
2025-09-02 00:20:59.842 [http-nio-8081-exec-1] INFO  c.r.p.service.handler.AbstractPrizeHandler - 在场景musicPlay下，给用户9发第1阶段，类型为red_pocket子类型为red_pocket01的奖品，数量为1，外部业务号为musicPlay_9_2025-09-02_red_pocket_red_pocket01_1
2025-09-02 00:20:59.881 [http-nio-8081-exec-1] ERROR c.r.play_record.service.impl.SyncServiceImpl - 用户9当前播放总时长为270，本阶段已发奖，外部业务号为musicPlay_9_2025-09-02_red_pocket_red_pocket01_1
2025-09-02 00:21:00.921 [http-nio-8081-exec-2] INFO  c.r.p.service.handler.AbstractPrizeHandler - 在场景musicPlay下，给用户9发第1阶段，类型为red_pocket子类型为red_pocket01的奖品，数量为1，外部业务号为musicPlay_9_2025-09-02_red_pocket_red_pocket01_1
2025-09-02 00:21:00.949 [http-nio-8081-exec-2] ERROR c.r.play_record.service.impl.SyncServiceImpl - 用户9当前播放总时长为300，本阶段已发奖，外部业务号为musicPlay_9_2025-09-02_red_pocket_red_pocket01_1
2025-09-02 00:21:01.933 [http-nio-8081-exec-4] INFO  c.r.p.service.handler.AbstractPrizeHandler - 在场景musicPlay下，给用户9发第2阶段，类型为red_pocket子类型为red_pocket01的奖品，数量为1，外部业务号为musicPlay_9_2025-09-02_red_pocket_red_pocket01_2
2025-09-02 00:21:43.104 [org.springframework.amqp.rabbit.RabbitListenerEndpointContainer#0-2] INFO  o.s.a.r.listener.SimpleMessageListenerContainer - Waiting for workers to finish.
2025-09-02 00:21:43.431 [org.springframework.amqp.rabbit.RabbitListenerEndpointContainer#0-2] INFO  o.s.a.r.listener.SimpleMessageListenerContainer - Successfully waited for workers to finish.
2025-09-02 00:21:43.432 [SpringApplicationShutdownHook] INFO  o.s.boot.web.embedded.tomcat.GracefulShutdown - Commencing graceful shutdown. Waiting for active requests to complete
2025-09-02 00:21:43.460 [tomcat-shutdown] INFO  o.s.boot.web.embedded.tomcat.GracefulShutdown - Graceful shutdown complete
2025-09-02 00:21:43.497 [SpringApplicationShutdownHook] INFO  com.zaxxer.hikari.HikariDataSource - HikariPool-1 - Shutdown initiated...
2025-09-02 00:21:43.505 [SpringApplicationShutdownHook] INFO  com.zaxxer.hikari.HikariDataSource - HikariPool-1 - Shutdown completed.
2025-09-02 15:35:55.225 [main] INFO  c.reward_project.play_record.PlayRecordApplication - Starting PlayRecordApplication using Java 24.0.1 with PID 37508 (D:\grad1\project\play_record\target\classes started by 12943 in D:\grad1\project\play_record)
2025-09-02 15:35:55.227 [main] INFO  c.reward_project.play_record.PlayRecordApplication - No active profile set, falling back to 1 default profile: "default"
2025-09-02 15:35:55.997 [main] INFO  o.s.d.r.config.RepositoryConfigurationDelegate - Multiple Spring Data modules found, entering strict repository configuration mode
2025-09-02 15:35:55.999 [main] INFO  o.s.d.r.config.RepositoryConfigurationDelegate - Bootstrapping Spring Data Redis repositories in DEFAULT mode.
2025-09-02 15:35:56.028 [main] INFO  o.s.d.r.config.RepositoryConfigurationDelegate - Finished Spring Data repository scanning in 13 ms. Found 0 Redis repository interfaces.
2025-09-02 15:35:56.601 [main] INFO  o.s.boot.web.embedded.tomcat.TomcatWebServer - Tomcat initialized with port 8081 (http)
2025-09-02 15:35:56.616 [main] INFO  org.apache.coyote.http11.Http11NioProtocol - Initializing ProtocolHandler ["http-nio-8081"]
2025-09-02 15:35:56.617 [main] INFO  org.apache.catalina.core.StandardService - Starting service [Tomcat]
2025-09-02 15:35:56.617 [main] INFO  org.apache.catalina.core.StandardEngine - Starting Servlet engine: [Apache Tomcat/10.1.44]
2025-09-02 15:35:56.676 [main] INFO  o.a.c.core.ContainerBase.[Tomcat].[localhost].[/] - Initializing Spring embedded WebApplicationContext
2025-09-02 15:35:56.676 [main] INFO  o.s.b.w.s.c.ServletWebServerApplicationContext - Root WebApplicationContext: initialization completed in 1406 ms
2025-09-02 15:35:57.945 [main] INFO  org.apache.coyote.http11.Http11NioProtocol - Starting ProtocolHandler ["http-nio-8081"]
2025-09-02 15:35:57.960 [main] INFO  o.s.boot.web.embedded.tomcat.TomcatWebServer - Tomcat started on port 8081 (http) with context path '/'
2025-09-02 15:35:57.962 [main] INFO  o.s.a.rabbit.connection.CachingConnectionFactory - Attempting to connect to: [localhost:5672]
2025-09-02 15:35:58.006 [main] INFO  o.s.a.rabbit.connection.CachingConnectionFactory - Created new connection: rabbitConnectionFactory#1a6dc5ea:0/SimpleConnection@6866e740 [delegate=amqp://guest@127.0.0.1:5672/, localPort=59140]
2025-09-02 15:35:58.010 [main] INFO  org.springframework.amqp.rabbit.core.RabbitAdmin - Auto-declaring a non-durable, auto-delete, or exclusive Queue (REWARD_RETRY_QUEUE) durable:false, auto-delete:false, exclusive:false. It will be redeclared if the broker stops and is restarted while the connection factory is alive, but all messages will be lost.
2025-09-02 15:35:58.065 [main] INFO  c.reward_project.play_record.PlayRecordApplication - Started PlayRecordApplication in 3.212 seconds (process running for 4.12)
2025-09-02 15:41:52.553 [http-nio-8081-exec-1] INFO  o.a.c.core.ContainerBase.[Tomcat].[localhost].[/] - Initializing Spring DispatcherServlet 'dispatcherServlet'
2025-09-02 15:41:52.554 [http-nio-8081-exec-1] INFO  org.springframework.web.servlet.DispatcherServlet - Initializing Servlet 'dispatcherServlet'
2025-09-02 15:41:52.555 [http-nio-8081-exec-1] INFO  org.springframework.web.servlet.DispatcherServlet - Completed initialization in 1 ms
2025-09-02 15:41:52.644 [http-nio-8081-exec-1] INFO  com.zaxxer.hikari.HikariDataSource - HikariPool-1 - Starting...
2025-09-02 15:41:52.895 [http-nio-8081-exec-1] INFO  com.zaxxer.hikari.pool.HikariPool - HikariPool-1 - Added connection com.mysql.cj.jdbc.ConnectionImpl@46005776
2025-09-02 15:41:52.896 [http-nio-8081-exec-1] INFO  com.zaxxer.hikari.HikariDataSource - HikariPool-1 - Start completed.
2025-09-02 15:41:52.963 [http-nio-8081-exec-1] INFO  c.r.play_record.service.impl.SyncServiceImpl - 用户9在2025-09-02第一次插入总时长
2025-09-02 15:41:53.387 [http-nio-8081-exec-1] WARN  c.r.play_record.service.impl.SyncServiceImpl - 用户9当前播放总时长为30，未达到最低发奖门槛
2025-09-02 15:48:27.324 [org.springframework.amqp.rabbit.RabbitListenerEndpointContainer#0-2] INFO  o.s.a.r.listener.SimpleMessageListenerContainer - Waiting for workers to finish.
2025-09-02 15:48:27.799 [org.springframework.amqp.rabbit.RabbitListenerEndpointContainer#0-2] INFO  o.s.a.r.listener.SimpleMessageListenerContainer - Successfully waited for workers to finish.
2025-09-02 15:48:27.799 [SpringApplicationShutdownHook] INFO  o.s.boot.web.embedded.tomcat.GracefulShutdown - Commencing graceful shutdown. Waiting for active requests to complete
2025-09-02 15:48:27.831 [tomcat-shutdown] INFO  o.s.boot.web.embedded.tomcat.GracefulShutdown - Graceful shutdown complete
2025-09-02 15:48:28.040 [SpringApplicationShutdownHook] INFO  com.zaxxer.hikari.HikariDataSource - HikariPool-1 - Shutdown initiated...
2025-09-02 15:48:28.054 [SpringApplicationShutdownHook] INFO  com.zaxxer.hikari.HikariDataSource - HikariPool-1 - Shutdown completed.
2025-09-02 15:58:33.224 [main] INFO  c.reward_project.play_record.PlayRecordApplication - Starting PlayRecordApplication using Java 24.0.1 with PID 23392 (D:\grad1\project\play_record\target\classes started by 12943 in D:\grad1\project\play_record)
2025-09-02 15:58:33.226 [main] INFO  c.reward_project.play_record.PlayRecordApplication - No active profile set, falling back to 1 default profile: "default"
2025-09-02 15:58:33.880 [main] INFO  o.s.d.r.config.RepositoryConfigurationDelegate - Multiple Spring Data modules found, entering strict repository configuration mode
2025-09-02 15:58:33.882 [main] INFO  o.s.d.r.config.RepositoryConfigurationDelegate - Bootstrapping Spring Data Redis repositories in DEFAULT mode.
2025-09-02 15:58:33.914 [main] INFO  o.s.d.r.config.RepositoryConfigurationDelegate - Finished Spring Data repository scanning in 19 ms. Found 0 Redis repository interfaces.
2025-09-02 15:58:34.374 [main] INFO  o.s.boot.web.embedded.tomcat.TomcatWebServer - Tomcat initialized with port 8081 (http)
2025-09-02 15:58:34.383 [main] INFO  org.apache.coyote.http11.Http11NioProtocol - Initializing ProtocolHandler ["http-nio-8081"]
2025-09-02 15:58:34.385 [main] INFO  org.apache.catalina.core.StandardService - Starting service [Tomcat]
2025-09-02 15:58:34.386 [main] INFO  org.apache.catalina.core.StandardEngine - Starting Servlet engine: [Apache Tomcat/10.1.44]
2025-09-02 15:58:34.440 [main] INFO  o.a.c.core.ContainerBase.[Tomcat].[localhost].[/] - Initializing Spring embedded WebApplicationContext
2025-09-02 15:58:34.441 [main] INFO  o.s.b.w.s.c.ServletWebServerApplicationContext - Root WebApplicationContext: initialization completed in 1162 ms
2025-09-02 15:58:35.430 [main] INFO  org.apache.coyote.http11.Http11NioProtocol - Starting ProtocolHandler ["http-nio-8081"]
2025-09-02 15:58:35.445 [main] INFO  o.s.boot.web.embedded.tomcat.TomcatWebServer - Tomcat started on port 8081 (http) with context path '/'
2025-09-02 15:58:35.448 [main] INFO  o.s.a.rabbit.connection.CachingConnectionFactory - Attempting to connect to: [localhost:5672]
2025-09-02 15:58:35.483 [main] INFO  o.s.a.rabbit.connection.CachingConnectionFactory - Created new connection: rabbitConnectionFactory#2e85e3f1:0/SimpleConnection@5d8e4fa8 [delegate=amqp://guest@127.0.0.1:5672/, localPort=53221]
2025-09-02 15:58:35.488 [main] INFO  org.springframework.amqp.rabbit.core.RabbitAdmin - Auto-declaring a non-durable, auto-delete, or exclusive Queue (REWARD_RETRY_QUEUE) durable:false, auto-delete:false, exclusive:false. It will be redeclared if the broker stops and is restarted while the connection factory is alive, but all messages will be lost.
2025-09-02 15:58:35.535 [main] INFO  c.reward_project.play_record.PlayRecordApplication - Started PlayRecordApplication in 2.65 seconds (process running for 3.4)
2025-09-02 15:58:49.059 [http-nio-8081-exec-1] INFO  o.a.c.core.ContainerBase.[Tomcat].[localhost].[/] - Initializing Spring DispatcherServlet 'dispatcherServlet'
2025-09-02 15:58:49.059 [http-nio-8081-exec-1] INFO  org.springframework.web.servlet.DispatcherServlet - Initializing Servlet 'dispatcherServlet'
2025-09-02 15:58:49.060 [http-nio-8081-exec-1] INFO  org.springframework.web.servlet.DispatcherServlet - Completed initialization in 1 ms
2025-09-02 15:58:49.212 [http-nio-8081-exec-1] INFO  com.zaxxer.hikari.HikariDataSource - HikariPool-1 - Starting...
2025-09-02 15:58:49.672 [http-nio-8081-exec-1] INFO  com.zaxxer.hikari.pool.HikariPool - HikariPool-1 - Added connection com.mysql.cj.jdbc.ConnectionImpl@7c81dfb9
2025-09-02 15:58:49.674 [http-nio-8081-exec-1] INFO  com.zaxxer.hikari.HikariDataSource - HikariPool-1 - Start completed.
2025-09-02 15:58:49.748 [http-nio-8081-exec-1] INFO  c.r.play_record.service.impl.SyncServiceImpl - 用户9在2025-09-02第一次插入总时长
2025-09-02 16:04:50.234 [org.springframework.amqp.rabbit.RabbitListenerEndpointContainer#0-2] INFO  o.s.a.r.listener.SimpleMessageListenerContainer - Waiting for workers to finish.
2025-09-02 16:04:50.900 [org.springframework.amqp.rabbit.RabbitListenerEndpointContainer#0-2] INFO  o.s.a.r.listener.SimpleMessageListenerContainer - Successfully waited for workers to finish.
2025-09-02 16:04:50.901 [SpringApplicationShutdownHook] INFO  o.s.boot.web.embedded.tomcat.GracefulShutdown - Commencing graceful shutdown. Waiting for active requests to complete
2025-09-02 16:04:50.937 [tomcat-shutdown] INFO  o.s.boot.web.embedded.tomcat.GracefulShutdown - Graceful shutdown complete
2025-09-02 16:04:51.068 [SpringApplicationShutdownHook] INFO  com.zaxxer.hikari.HikariDataSource - HikariPool-1 - Shutdown initiated...
2025-09-02 16:04:51.075 [SpringApplicationShutdownHook] INFO  com.zaxxer.hikari.HikariDataSource - HikariPool-1 - Shutdown completed.
2025-09-02 16:04:57.143 [main] INFO  c.reward_project.play_record.PlayRecordApplication - Starting PlayRecordApplication using Java 24.0.1 with PID 36596 (D:\grad1\project\play_record\target\classes started by 12943 in D:\grad1\project\play_record)
2025-09-02 16:04:57.145 [main] INFO  c.reward_project.play_record.PlayRecordApplication - No active profile set, falling back to 1 default profile: "default"
2025-09-02 16:04:57.810 [main] INFO  o.s.d.r.config.RepositoryConfigurationDelegate - Multiple Spring Data modules found, entering strict repository configuration mode
2025-09-02 16:04:57.812 [main] INFO  o.s.d.r.config.RepositoryConfigurationDelegate - Bootstrapping Spring Data Redis repositories in DEFAULT mode.
2025-09-02 16:04:57.838 [main] INFO  o.s.d.r.config.RepositoryConfigurationDelegate - Finished Spring Data repository scanning in 13 ms. Found 0 Redis repository interfaces.
2025-09-02 16:04:58.298 [main] INFO  o.s.boot.web.embedded.tomcat.TomcatWebServer - Tomcat initialized with port 8081 (http)
2025-09-02 16:04:58.311 [main] INFO  org.apache.coyote.http11.Http11NioProtocol - Initializing ProtocolHandler ["http-nio-8081"]
2025-09-02 16:04:58.312 [main] INFO  org.apache.catalina.core.StandardService - Starting service [Tomcat]
2025-09-02 16:04:58.312 [main] INFO  org.apache.catalina.core.StandardEngine - Starting Servlet engine: [Apache Tomcat/10.1.44]
2025-09-02 16:04:58.367 [main] INFO  o.a.c.core.ContainerBase.[Tomcat].[localhost].[/] - Initializing Spring embedded WebApplicationContext
2025-09-02 16:04:58.367 [main] INFO  o.s.b.w.s.c.ServletWebServerApplicationContext - Root WebApplicationContext: initialization completed in 1173 ms
2025-09-02 16:04:59.363 [main] INFO  org.apache.coyote.http11.Http11NioProtocol - Starting ProtocolHandler ["http-nio-8081"]
2025-09-02 16:04:59.378 [main] INFO  o.s.boot.web.embedded.tomcat.TomcatWebServer - Tomcat started on port 8081 (http) with context path '/'
2025-09-02 16:04:59.381 [main] INFO  o.s.a.rabbit.connection.CachingConnectionFactory - Attempting to connect to: [localhost:5672]
2025-09-02 16:04:59.415 [main] INFO  o.s.a.rabbit.connection.CachingConnectionFactory - Created new connection: rabbitConnectionFactory#3ba46845:0/SimpleConnection@3acc3ee [delegate=amqp://guest@127.0.0.1:5672/, localPort=54083]
2025-09-02 16:04:59.420 [main] INFO  org.springframework.amqp.rabbit.core.RabbitAdmin - Auto-declaring a non-durable, auto-delete, or exclusive Queue (REWARD_RETRY_QUEUE) durable:false, auto-delete:false, exclusive:false. It will be redeclared if the broker stops and is restarted while the connection factory is alive, but all messages will be lost.
2025-09-02 16:04:59.469 [main] INFO  c.reward_project.play_record.PlayRecordApplication - Started PlayRecordApplication in 2.629 seconds (process running for 3.455)
2025-09-02 16:05:17.989 [http-nio-8081-exec-1] INFO  o.a.c.core.ContainerBase.[Tomcat].[localhost].[/] - Initializing Spring DispatcherServlet 'dispatcherServlet'
2025-09-02 16:05:17.989 [http-nio-8081-exec-1] INFO  org.springframework.web.servlet.DispatcherServlet - Initializing Servlet 'dispatcherServlet'
2025-09-02 16:05:17.989 [http-nio-8081-exec-1] INFO  org.springframework.web.servlet.DispatcherServlet - Completed initialization in 0 ms
2025-09-02 16:05:18.075 [http-nio-8081-exec-1] INFO  com.zaxxer.hikari.HikariDataSource - HikariPool-1 - Starting...
2025-09-02 16:05:18.325 [http-nio-8081-exec-1] INFO  com.zaxxer.hikari.pool.HikariPool - HikariPool-1 - Added connection com.mysql.cj.jdbc.ConnectionImpl@3a3f13e9
2025-09-02 16:05:18.326 [http-nio-8081-exec-1] INFO  com.zaxxer.hikari.HikariDataSource - HikariPool-1 - Start completed.
2025-09-02 16:05:18.827 [http-nio-8081-exec-1] WARN  c.r.play_record.service.impl.SyncServiceImpl - 用户9当前播放总时长为60，未达到最低发奖门槛
2025-09-02 16:06:01.664 [http-nio-8081-exec-3] INFO  c.r.play_record.service.impl.SyncServiceImpl - 用户9在2025-09-02第一次插入总时长
2025-09-02 16:06:01.695 [http-nio-8081-exec-3] WARN  c.r.play_record.service.impl.SyncServiceImpl - 用户9当前播放总时长为30，未达到最低发奖门槛
2025-09-02 16:06:03.207 [http-nio-8081-exec-9] WARN  c.r.play_record.service.impl.SyncServiceImpl - 用户9当前播放总时长为60，未达到最低发奖门槛
2025-09-02 16:06:04.425 [http-nio-8081-exec-2] WARN  c.r.play_record.service.impl.SyncServiceImpl - 用户9当前播放总时长为90，未达到最低发奖门槛
2025-09-02 16:06:05.479 [http-nio-8081-exec-5] WARN  c.r.play_record.service.impl.SyncServiceImpl - 用户9当前播放总时长为120，未达到最低发奖门槛
2025-09-02 16:06:06.662 [http-nio-8081-exec-6] WARN  c.r.play_record.service.impl.SyncServiceImpl - 用户9当前播放总时长为150，未达到最低发奖门槛
2025-09-02 16:06:07.878 [http-nio-8081-exec-8] INFO  c.r.p.service.handler.AbstractPrizeHandler - 在场景musicPlay下，给用户9发第1阶段，类型为red_pocket子类型为red_pocket01的奖品，数量为1，外部业务号为musicPlay_9_2025-09-02_red_pocket_red_pocket01_1
2025-09-02 16:06:38.750 [http-nio-8081-exec-7] INFO  c.r.p.service.handler.AbstractPrizeHandler - 在场景musicPlay下，给用户9发第1阶段，类型为red_pocket子类型为red_pocket01的奖品，数量为1，外部业务号为musicPlay_9_2025-09-02_red_pocket_red_pocket01_1
2025-09-02 16:06:40.187 [http-nio-8081-exec-7] ERROR c.r.play_record.service.impl.SyncServiceImpl - 用户9当前播放总时长为210，本阶段已发奖，外部业务号为musicPlay_9_2025-09-02_red_pocket_red_pocket01_1
2025-09-02 16:06:41.502 [http-nio-8081-exec-10] INFO  c.r.p.service.handler.AbstractPrizeHandler - 在场景musicPlay下，给用户9发第1阶段，类型为red_pocket子类型为red_pocket01的奖品，数量为1，外部业务号为musicPlay_9_2025-09-02_red_pocket_red_pocket01_1
2025-09-02 16:06:41.533 [http-nio-8081-exec-10] ERROR c.r.play_record.service.impl.SyncServiceImpl - 用户9当前播放总时长为240，本阶段已发奖，外部业务号为musicPlay_9_2025-09-02_red_pocket_red_pocket01_1
2025-09-02 16:06:42.955 [http-nio-8081-exec-4] INFO  c.r.p.service.handler.AbstractPrizeHandler - 在场景musicPlay下，给用户9发第1阶段，类型为red_pocket子类型为red_pocket01的奖品，数量为1，外部业务号为musicPlay_9_2025-09-02_red_pocket_red_pocket01_1
2025-09-02 16:06:42.986 [http-nio-8081-exec-4] ERROR c.r.play_record.service.impl.SyncServiceImpl - 用户9当前播放总时长为270，本阶段已发奖，外部业务号为musicPlay_9_2025-09-02_red_pocket_red_pocket01_1
2025-09-02 16:06:44.240 [http-nio-8081-exec-1] INFO  c.r.p.service.handler.AbstractPrizeHandler - 在场景musicPlay下，给用户9发第1阶段，类型为red_pocket子类型为red_pocket01的奖品，数量为1，外部业务号为musicPlay_9_2025-09-02_red_pocket_red_pocket01_1
2025-09-02 16:06:44.272 [http-nio-8081-exec-1] ERROR c.r.play_record.service.impl.SyncServiceImpl - 用户9当前播放总时长为300，本阶段已发奖，外部业务号为musicPlay_9_2025-09-02_red_pocket_red_pocket01_1
2025-09-02 16:06:45.473 [http-nio-8081-exec-3] INFO  c.r.p.service.handler.AbstractPrizeHandler - 在场景musicPlay下，给用户9发第2阶段，类型为red_pocket子类型为red_pocket01的奖品，数量为1，外部业务号为musicPlay_9_2025-09-02_red_pocket_red_pocket01_2
2025-09-02 16:06:46.502 [http-nio-8081-exec-9] INFO  c.r.p.service.handler.AbstractPrizeHandler - 在场景musicPlay下，给用户9发第2阶段，类型为red_pocket子类型为red_pocket01的奖品，数量为1，外部业务号为musicPlay_9_2025-09-02_red_pocket_red_pocket01_2
2025-09-02 16:06:46.534 [http-nio-8081-exec-9] ERROR c.r.play_record.service.impl.SyncServiceImpl - 用户9当前播放总时长为360，本阶段已发奖，外部业务号为musicPlay_9_2025-09-02_red_pocket_red_pocket01_2
2025-09-02 16:07:57.634 [org.springframework.amqp.rabbit.RabbitListenerEndpointContainer#0-2] INFO  o.s.a.r.listener.SimpleMessageListenerContainer - Waiting for workers to finish.
2025-09-02 16:07:58.348 [org.springframework.amqp.rabbit.RabbitListenerEndpointContainer#0-2] INFO  o.s.a.r.listener.SimpleMessageListenerContainer - Successfully waited for workers to finish.
2025-09-02 16:07:58.349 [SpringApplicationShutdownHook] INFO  o.s.boot.web.embedded.tomcat.GracefulShutdown - Commencing graceful shutdown. Waiting for active requests to complete
2025-09-02 16:07:58.378 [tomcat-shutdown] INFO  o.s.boot.web.embedded.tomcat.GracefulShutdown - Graceful shutdown complete
2025-09-02 16:07:58.521 [SpringApplicationShutdownHook] INFO  com.zaxxer.hikari.HikariDataSource - HikariPool-1 - Shutdown initiated...
2025-09-02 16:07:58.528 [SpringApplicationShutdownHook] INFO  com.zaxxer.hikari.HikariDataSource - HikariPool-1 - Shutdown completed.
